<?xml version="1.0" encoding="UTF-8"?>
<!-- Generated by org.testng.reporters.JUnitXMLReporter -->
<testsuite ignored="0" hostname="DESKTOP-KSDRO1T" failures="0" tests="2" name="BankingApp Test" time="32.81" errors="0" timestamp="2023-04-11T12:12:53 IST">
  <testcase classname="com.iNetBanking.testcases.TC_LoginTest_001" name="loginTest" time="2.345"/>
  <testcase classname="com.iNetBanking.testcases.TC_AddNewCustomer_003" name="addNewCustomer" time="12.7"/>
</testsuite> <!-- BankingApp Test -->
