<?xml version="1.0" encoding="UTF-8"?>
<testsuite xmlns:xsi="http://www.w3.org/2001/XMLSchema-instance" xsi:noNamespaceSchemaLocation="https://maven.apache.org/surefire/maven-surefire-plugin/xsd/surefire-test-report-3.0.xsd" version="3.0" name="TestSuite" time="34.07" tests="2" errors="0" skipped="0" failures="0">
  <properties>
[...]
</properties>
  <testcase name="loginTest" classname="com.iNetBanking.testcases.TC_LoginTest_001" time="2.365">
    <system-out><![CDATA[INFO    2023-04-11 12:12:31,027 [main] eBanking  - URL is opened
INFO    2023-04-11 12:12:31,203 [main] eBanking  - Entered Username
INFO    2023-04-11 12:12:31,314 [main] eBanking  - Entered Password
INFO    2023-04-11 12:12:33,204 [main] eBanking  - Login test passed
]]></system-out>
    <system-err><![CDATA[ERROR StatusLogger Log4j2 could not find a logging implementation. Please add log4j-core to the classpath. Using SimpleLogger to log to the console...
Starting ChromeDriver 112.0.5615.49 (bd2a7bcb881c11e8cfe3078709382934e3916914-refs/branch-heads/5615@{#936}) on port 41791
Only local connections are allowed.
Please see https://chromedriver.chromium.org/security-considerations for suggestions on keeping ChromeDriver safe.
ChromeDriver was started successfully.
Apr 11, 2023 12:12:23 PM org.openqa.selenium.devtools.CdpVersionFinder findNearestMatch
WARNING: Unable to find an exact match for CDP version 112, so returning the closest version found: 111
]]></system-err>
  </testcase>
  <testcase name="addNewCustomer" classname="com.iNetBanking.testcases.TC_AddNewCustomer_003" time="12.701">
    <system-out><![CDATA[INFO    2023-04-11 12:12:40,256 [main] eBanking  - URL is opened
INFO    2023-04-11 12:12:40,379 [main] eBanking  - Entered Username
INFO    2023-04-11 12:12:40,486 [main] eBanking  - Entered Password
INFO    2023-04-11 12:12:43,519 [main] eBanking  - Entered Customer Name
INFO    2023-04-11 12:12:43,631 [main] eBanking  - Entered Gender
INFO    2023-04-11 12:12:43,892 [main] eBanking  - Entered Date of Birth
INFO    2023-04-11 12:12:44,023 [main] eBanking  - Entered Address
INFO    2023-04-11 12:12:44,148 [main] eBanking  - Entered city
INFO    2023-04-11 12:12:44,267 [main] eBanking  - Entered state
INFO    2023-04-11 12:12:44,401 [main] eBanking  - Entered Pin
INFO    2023-04-11 12:12:44,550 [main] eBanking  - Entered Mobile number
INFO    2023-04-11 12:12:44,708 [main] eBanking  - Entered email
INFO    2023-04-11 12:12:44,842 [main] eBanking  - Entered customer Password
INFO    2023-04-11 12:12:47,924 [main] eBanking  - Clicked on submit
]]></system-out>
    <system-err><![CDATA[Starting ChromeDriver 112.0.5615.49 (bd2a7bcb881c11e8cfe3078709382934e3916914-refs/branch-heads/5615@{#936}) on port 47822
Only local connections are allowed.
Please see https://chromedriver.chromium.org/security-considerations for suggestions on keeping ChromeDriver safe.
ChromeDriver was started successfully.
Apr 11, 2023 12:12:34 PM org.openqa.selenium.devtools.CdpVersionFinder findNearestMatch
WARNING: Unable to find an exact match for CDP version 112, so returning the closest version found: 111
]]></system-err>
  </testcase>
</testsuite>