<?xml version="1.0" encoding="UTF-8"?>
<testng-results ignored="0" total="2" passed="2" failed="0" skipped="0">
  <reporter-output>
  </reporter-output>
  <suite started-at="2023-04-11T12:12:20 IST" name="iNetBanking" finished-at="2023-04-11T12:12:53 IST" duration-ms="32810">
    <groups>
    </groups>
    <test started-at="2023-04-11T12:12:20 IST" name="BankingApp Test" finished-at="2023-04-11T12:12:53 IST" duration-ms="32810">
      <class name="com.iNetBanking.testcases.TC_LoginTest_001">
        <test-method is-config="true" signature="setup(java.lang.String)[pri:0, instance:com.iNetBanking.testcases.TC_LoginTest_001@77847718]" started-at="2023-04-11T12:12:20 IST" name="setup" finished-at="2023-04-11T12:12:30 IST" duration-ms="10568" status="PASS">
          <params>
            <param index="0">
              <value>
                <![CDATA[chrome]]>
              </value>
            </param>
          </params>
          <reporter-output>
          </reporter-output>
        </test-method> <!-- setup -->
        <test-method signature="loginTest()[pri:0, instance:com.iNetBanking.testcases.TC_LoginTest_001@77847718]" started-at="2023-04-11T12:12:30 IST" name="loginTest" finished-at="2023-04-11T12:12:33 IST" duration-ms="2345" status="PASS">
          <reporter-output>
          </reporter-output>
        </test-method> <!-- loginTest -->
        <test-method is-config="true" signature="tearDown()[pri:0, instance:com.iNetBanking.testcases.TC_LoginTest_001@77847718]" started-at="2023-04-11T12:12:33 IST" name="tearDown" finished-at="2023-04-11T12:12:33 IST" duration-ms="115" status="PASS">
          <reporter-output>
          </reporter-output>
        </test-method> <!-- tearDown -->
      </class> <!-- com.iNetBanking.testcases.TC_LoginTest_001 -->
      <class name="com.iNetBanking.testcases.TC_AddNewCustomer_003">
        <test-method is-config="true" signature="setup(java.lang.String)[pri:0, instance:com.iNetBanking.testcases.TC_AddNewCustomer_003@4550bb58]" started-at="2023-04-11T12:12:33 IST" name="setup" finished-at="2023-04-11T12:12:40 IST" duration-ms="6904" status="PASS">
          <params>
            <param index="0">
              <value>
                <![CDATA[chrome]]>
              </value>
            </param>
          </params>
          <reporter-output>
          </reporter-output>
        </test-method> <!-- setup -->
        <test-method signature="addNewCustomer()[pri:0, instance:com.iNetBanking.testcases.TC_AddNewCustomer_003@4550bb58]" started-at="2023-04-11T12:12:40 IST" name="addNewCustomer" finished-at="2023-04-11T12:12:52 IST" duration-ms="12700" status="PASS">
          <reporter-output>
          </reporter-output>
        </test-method> <!-- addNewCustomer -->
        <test-method is-config="true" signature="tearDown()[pri:0, instance:com.iNetBanking.testcases.TC_AddNewCustomer_003@4550bb58]" started-at="2023-04-11T12:12:52 IST" name="tearDown" finished-at="2023-04-11T12:12:53 IST" duration-ms="107" status="PASS">
          <reporter-output>
          </reporter-output>
        </test-method> <!-- tearDown -->
      </class> <!-- com.iNetBanking.testcases.TC_AddNewCustomer_003 -->
    </test> <!-- BankingApp Test -->
  </suite> <!-- iNetBanking -->
</testng-results>
