<?xml version="1.0" encoding="UTF-8"?>
<testng-results ignored="0" total="1" passed="1" failed="0" skipped="0">
  <reporter-output>
  </reporter-output>
  <suite started-at="2023-04-10T22:13:06 IST" name="iNetBanking" finished-at="2023-04-10T22:13:30 IST" duration-ms="24790">
    <groups>
    </groups>
    <test started-at="2023-04-10T22:13:06 IST" name="BankingApp Test" finished-at="2023-04-10T22:13:30 IST" duration-ms="24790">
      <class name="com.iNetBanking.testcases.TC_AddNewCustomer_003">
        <test-method is-config="true" signature="setup(java.lang.String)[pri:0, instance:com.iNetBanking.testcases.TC_AddNewCustomer_003@75437611]" started-at="2023-04-10T22:13:06 IST" name="setup" finished-at="2023-04-10T22:13:14 IST" duration-ms="8010" status="PASS">
          <params>
            <param index="0">
              <value>
                <![CDATA[chrome]]>
              </value>
            </param>
          </params>
          <reporter-output>
          </reporter-output>
        </test-method> <!-- setup -->
        <test-method signature="addNewCustomer()[pri:0, instance:com.iNetBanking.testcases.TC_AddNewCustomer_003@75437611]" started-at="2023-04-10T22:13:14 IST" name="addNewCustomer" finished-at="2023-04-10T22:13:30 IST" duration-ms="16559" status="PASS">
          <reporter-output>
          </reporter-output>
        </test-method> <!-- addNewCustomer -->
        <test-method is-config="true" signature="tearDown()[pri:0, instance:com.iNetBanking.testcases.TC_AddNewCustomer_003@75437611]" started-at="2023-04-10T22:13:30 IST" name="tearDown" finished-at="2023-04-10T22:13:30 IST" duration-ms="162" status="PASS">
          <reporter-output>
          </reporter-output>
        </test-method> <!-- tearDown -->
      </class> <!-- com.iNetBanking.testcases.TC_AddNewCustomer_003 -->
    </test> <!-- BankingApp Test -->
  </suite> <!-- iNetBanking -->
</testng-results>
